F:\CORELAR\API\client\dist\out-tsc\app\app-routing.module.js
F:\CORELAR\API\client\dist\out-tsc\app\app-routing.module.js.map
F:\CORELAR\API\client\dist\out-tsc\app\_models\user.js
F:\CORELAR\API\client\dist\out-tsc\app\_models\user.js.map
F:\CORELAR\API\client\dist\out-tsc\app\_services\account.service.js
F:\CORELAR\API\client\dist\out-tsc\app\_services\account.service.js.map
F:\CORELAR\API\client\dist\out-tsc\app\app.component.js
F:\CORELAR\API\client\dist\out-tsc\app\app.component.js.map
F:\CORELAR\API\client\dist\out-tsc\app\nav\nav.component.js
F:\CORELAR\API\client\dist\out-tsc\app\nav\nav.component.js.map
F:\CORELAR\API\client\dist\out-tsc\app\app.module.js
F:\CORELAR\API\client\dist\out-tsc\app\app.module.js.map
F:\CORELAR\API\client\dist\out-tsc\environments\environment.js
F:\CORELAR\API\client\dist\out-tsc\environments\environment.js.map
F:\CORELAR\API\client\dist\out-tsc\main.js
F:\CORELAR\API\client\dist\out-tsc\main.js.map
F:\CORELAR\API\client\dist\out-tsc\polyfills.js
F:\CORELAR\API\client\dist\out-tsc\polyfills.js.map
F:\CORELAR\API\client\dist\out-tsc\test.js
F:\CORELAR\API\client\dist\out-tsc\test.js.map
F:\CORELAR\API\client\dist\out-tsc\app\app.component.spec.js
F:\CORELAR\API\client\dist\out-tsc\app\app.component.spec.js.map
F:\CORELAR\API\client\dist\out-tsc\environments\environment.prod.js
F:\CORELAR\API\client\dist\out-tsc\environments\environment.prod.js.map
